<?xml version="1.0" encoding="UTF-8"?>
<!--suppress SpringInjectionValueStyleInspection, SpringModelInspection -->
<beans
		xmlns:xsi="http://www.w3.org/2001/XMLSchema-instance"
		xmlns:tx="http://www.springframework.org/schema/tx"
		xmlns:context="http://www.springframework.org/schema/context"
		xmlns:mvc="http://www.springframework.org/schema/mvc"
		xmlns="http://www.springframework.org/schema/beans" xmlns:aop="http://www.springframework.org/schema/aop"
		xsi:schemaLocation="http://www.springframework.org/schema/beans http://www.springframework.org/schema/beans/spring-beans.xsd
		http://www.springframework.org/schema/context http://www.springframework.org/schema/context/spring-context-3.1.xsd
		http://www.springframework.org/schema/tx http://www.springframework.org/schema/tx/spring-tx-3.1.xsd
		http://www.springframework.org/schema/mvc http://www.springframework.org/schema/mvc/spring-mvc-3.1.xsd http://www.springframework.org/schema/aop http://www.springframework.org/schema/aop/spring-aop.xsd"
>

	<bean id="mailSender" class="org.springframework.mail.javamail.JavaMailSenderImpl">
		<property name="host" value="smtp.yandex.ru" />
		<property name="username" value="support@todo100.ru" />
		<property name="password" value="123456" />
		<property name="javaMailProperties">
			<props>
				<prop key="mail.smtp.ssl.enable">true</prop>
				<prop key="mail.smtp.from">support@todo100.ru</prop>
			</props>
		</property>
	</bean>

	<bean id="velocityEngine" class="org.springframework.ui.velocity.VelocityEngineFactoryBean">
		<property name="velocityProperties">
			<props>
				<prop key="resource.loader">file</prop>
				<prop key="file.resource.loader.class">org.apache.velocity.runtime.resource.loader.FileResourceLoader
				</prop>
				<prop key="file.resource.loader.path">C:\Users\User\IdeaProjects2\activer\src\main\webapp</prop>
				<prop key="file.resource.loader.cache">false</prop>
				<prop key="file.resource.loader.modificationCheckInterval">0</prop>
			</props>
		</property>
	</bean>

	<bean id="mailBean" class="ru.todo100.activer.util.MailService">
		<property name="mailSender" ref="mailSender" />
		<property name="velocityEngine" ref="velocityEngine" />
	</bean>
</beans>